[2016-03-16 00:23:50] START
[2016-03-27 03:11:12] CREATE products.py: 0
[2016-03-27 03:16:45] EDIT ticker/controllers/products.py: 0
[2016-03-27 03:17:57] EDIT ticker/controllers/products.py: 0
[2016-03-27 03:18:37] EDIT ticker/controllers/products.py: 0
[2016-03-27 03:18:59] EDIT ticker/controllers/products.py: 0
[2016-03-27 03:19:40] EDIT ticker/controllers/products.py: 0
[2016-03-27 03:27:14] EDIT ticker/controllers/products.py: 0
[2016-03-27 03:33:26] EDIT ticker/controllers/products.py: 1
[2016-03-27 03:33:26] EDIT ticker/controllers/products.py: 0
[2016-03-27 03:33:26] EDIT ticker/controllers/products.py: 0
[2016-03-27 03:33:29] EDIT ticker/controllers/products.py: 0
[2016-03-27 03:33:40] EDIT ticker/controllers/products.py: 0
[2016-03-27 03:33:46] EDIT ticker/controllers/products.py: 0
[2016-03-27 03:34:00] EDIT ticker/controllers/products.py: 0
[2016-03-27 03:34:46] EDIT ticker/controllers/products.py: 0
[2016-03-27 03:35:27] EDIT ticker/controllers/products.py: 0
[2016-03-27 03:35:30] EDIT ticker/controllers/products.py: 0
[2016-03-27 03:35:35] EDIT ticker/controllers/products.py: 0
[2016-03-27 03:36:04] EDIT ticker/controllers/products.py: 0
[2016-03-27 03:36:24] EDIT ticker/controllers/products.py: 0
[2016-03-27 03:41:55] EDIT ticker/controllers/products.py: 0
[2016-03-27 03:42:41] EDIT ticker/controllers/products.py: 0
[2016-03-31 23:38:05] CREATE products/item_search.html: 0
[2016-03-31 23:38:34] EDIT ticker/views/products/item_search.html: 1
[2016-03-31 23:38:34] EDIT ticker/views/products/item_search.html: 0
[2016-03-31 23:38:34] EDIT ticker/views/products/item_search.html: 0
[2016-03-31 23:38:34] EDIT ticker/views/products/item_search.html: 0
